<?xml version="1.0" encoding="UTF-8"?>
<!-- Generated by org.testng.reporters.JUnitXMLReporter -->
<testsuite hostname="LAPTOP-NCJ4F74A" ignored="0" name="Test" tests="1" failures="1" timestamp="29 Jun 2020 18:02:36 GMT" time="11.412" errors="0">
  <testcase name="mainmethod" time="10.963" classname="maven.metra.main">
    <failure type="java.lang.AssertionError" message="expected [$52.15] but found [$52.25]">
      <![CDATA[java.lang.AssertionError: expected [$52.15] but found [$52.25]
at maven.metra.main.mainmethod(main.java:66)
... Removed 34 stack frames]]>
    </failure>
  </testcase> <!-- mainmethod -->
</testsuite> <!-- Test -->
