-------------------------------------------------------------------------------
Test set: TestSuite
-------------------------------------------------------------------------------
Tests run: 3, Failures: 1, Errors: 0, Skipped: 0, Time elapsed: 27.023 sec <<< FAILURE! - in TestSuite
mainmethod(maven.metra.main)  Time elapsed: 10.856 sec  <<< FAILURE!
java.lang.AssertionError: expected [$52.05] but found [$52.25]
	at maven.metra.main.mainmethod(main.java:71)

