<?xml version="1.0" encoding="UTF-8"?>
<testsuite xmlns:xsi="http://www.w3.org/2001/XMLSchema-instance" xsi:schemaLocation="https://maven.apache.org/surefire/maven-surefire-plugin/xsd/surefire-test-report.xsd" name="TestSuite" time="27.023" tests="3" errors="0" skipped="0" failures="1">
  <properties>
[...]
</properties>
  <testcase name="unionpacific" classname="maven.metra.UPNorth" time="1.374"/>
  <testcase name="maps" classname="maven.metra.Mapsschedule" time="4.978"/>
  <testcase name="mainmethod" classname="maven.metra.main" time="10.856">
    <failure message="expected [$52.05] but found [$52.25]" type="java.lang.AssertionError">java.lang.AssertionError: expected [$52.05] but found [$52.25]
	at maven.metra.main.mainmethod(main.java:71)
</failure>
  </testcase>
</testsuite>